1602100679412	mozrunner::runner	INFO	Running command: "C:\\Program Files\\Mozilla Firefox\\firefox.exe" "-marionette" "-foreground" "-no-remote" "-profile" "C:\\Users\\James\\AppData\\Local\\Temp\\rust_mozprofileKB1gnl"
Can't find symbol 'eglSwapBuffersWithDamageEXT'.
JavaScript error: resource://gre/modules/XULStore.jsm, line 66: Error: Can't find profile directory.
console.error: SearchCache: "_readCacheFile: Error reading cache file:" (new Error("", "(unknown module)"))
1602100682316	Marionette	INFO	Listening on port 50777
1602100682538	Marionette	WARN	TLS certificate errors will be ignored for this session
1602100843612	mozrunner::runner	INFO	Running command: "C:\\Program Files\\Mozilla Firefox\\firefox.exe" "-marionette" "-foreground" "-no-remote" "-profile" "C:\\Users\\James\\AppData\\Local\\Temp\\rust_mozprofileWOXzmi"
Can't find symbol 'eglSwapBuffersWithDamageEXT'.
JavaScript error: resource://gre/modules/XULStore.jsm, line 66: Error: Can't find profile directory.
console.error: SearchCache: "_readCacheFile: Error reading cache file:" (new Error("", "(unknown module)"))
1602100845830	Marionette	INFO	Listening on port 50866
1602100846247	Marionette	WARN	TLS certificate errors will be ignored for this session
1602100853414	Marionette	INFO	Stopped listening on port 50866

###!!! [Child][RunMessage] Error: Channel closing: too late to send/recv, messages will be lost


###!!! [Child][MessageChannel::SendAndWait] Error: Channel error: cannot send/recv

1602100978518	mozrunner::runner	INFO	Running command: "C:\\Program Files\\Mozilla Firefox\\firefox.exe" "-marionette" "-foreground" "-no-remote" "-profile" "C:\\Users\\James\\AppData\\Local\\Temp\\rust_mozprofileibDQ5Q"
Can't find symbol 'eglSwapBuffersWithDamageEXT'.
JavaScript error: resource://gre/modules/XULStore.jsm, line 66: Error: Can't find profile directory.
console.error: SearchCache: "_readCacheFile: Error reading cache file:" (new Error("", "(unknown module)"))
1602100980652	Marionette	INFO	Listening on port 50993
1602100981130	Marionette	WARN	TLS certificate errors will be ignored for this session
